<?xml version="1.0" encoding="UTF-8"?>
<!-- Generated by org.testng.reporters.JUnitXMLReporter -->
<testsuite ignored="1" hostname="DESKTOP-6S92QN9" failures="0" tests="1" name="SmokeTest2" time="9.483" errors="0" timestamp="2022-07-21T16:35:56 IST">
  <testcase classname="com.selenium.scripts.AnnotationTest" name="forgetPassword" time="1.963"/>
  <testcase classname="com.selenium.scripts.AnnotationTest" name="register" time="0.0">
    <ignored/>
  </testcase> <!-- register -->
</testsuite> <!-- SmokeTest2 -->
