<?xml version="1.0" encoding="UTF-8"?>
<!-- Generated by org.testng.reporters.JUnitXMLReporter -->
<testsuite ignored="2" hostname="DESKTOP-6S92QN9" failures="0" tests="1" name="SmokeTest1" time="19.299" errors="0" timestamp="2022-07-21T16:35:46 IST">
  <testcase classname="com.selenium.scripts.OrangeHRMSLogin" name="ForgetPasswordLink" time="2.449"/>
  <testcase classname="com.selenium.scripts.OrangeHRMSLogin" name="loginButton" time="0.0">
    <ignored/>
  </testcase> <!-- loginButton -->
  <testcase classname="com.selenium.scripts.OrangeHRMSLogin" name="Enterlogindetails" time="0.0">
    <ignored/>
  </testcase> <!-- Enterlogindetails -->
</testsuite> <!-- SmokeTest1 -->
